INFO - 2025-03-20 12:20:30 --> Session: Class initialized using 'CodeIgniter\Session\Handlers\FileHandler' driver.
INFO - 2025-03-20 12:20:34 --> Session: Class initialized using 'CodeIgniter\Session\Handlers\FileHandler' driver.
CRITICAL - 2025-03-20 12:20:35 --> Call to a member function setContentType() on null
in SYSTEMPATH\API\ResponseTrait.php on line 331.
 1 SYSTEMPATH\API\ResponseTrait.php(98): App\Controllers\API\ApiBaseController->format([...])
 2 APPPATH\Controllers\Api\AuthApiController.php(69): App\Controllers\API\ApiBaseController->respond([...], 200)
 3 APPPATH\Controllers\Api\AuthApiController.php(38): App\Controllers\Api\AuthApiController->adminSignIn('admin@themesbrand.com', '123456')
 4 APPPATH\Controllers\Auth.php(31): App\Controllers\Api\AuthApiController->signIn('admin@themesbrand.com', '123456', '4')
 5 SYSTEMPATH\CodeIgniter.php(932): App\Controllers\Auth->signIn()
 6 SYSTEMPATH\CodeIgniter.php(497): CodeIgniter\CodeIgniter->runController(Object(App\Controllers\Auth))
 7 SYSTEMPATH\CodeIgniter.php(366): CodeIgniter\CodeIgniter->handleRequest(null, Object(Config\Cache), false)
 8 FCPATH\index.php(67): CodeIgniter\CodeIgniter->run()
 9 SYSTEMPATH\Commands\Server\rewrite.php(47): require_once('D:\\Work\\admin_ybb_web\\public\\index.php')
INFO - 2025-03-20 12:27:39 --> Session: Class initialized using 'CodeIgniter\Session\Handlers\FileHandler' driver.
CRITICAL - 2025-03-20 12:27:39 --> Cannot call constructor
in APPPATH\Controllers\Api\ApiBaseController.php on line 33.
 1 APPPATH\Controllers\Auth.php(24): App\Controllers\API\ApiBaseController->__construct()
 2 SYSTEMPATH\CodeIgniter.php(932): App\Controllers\Auth->signIn()
 3 SYSTEMPATH\CodeIgniter.php(497): CodeIgniter\CodeIgniter->runController(Object(App\Controllers\Auth))
 4 SYSTEMPATH\CodeIgniter.php(366): CodeIgniter\CodeIgniter->handleRequest(null, Object(Config\Cache), false)
 5 FCPATH\index.php(67): CodeIgniter\CodeIgniter->run()
 6 SYSTEMPATH\Commands\Server\rewrite.php(47): require_once('D:\\Work\\admin_ybb_web\\public\\index.php')
INFO - 2025-03-20 12:27:59 --> Session: Class initialized using 'CodeIgniter\Session\Handlers\FileHandler' driver.
CRITICAL - 2025-03-20 12:27:59 --> Call to a member function setContentType() on null
in SYSTEMPATH\API\ResponseTrait.php on line 331.
 1 SYSTEMPATH\API\ResponseTrait.php(98): App\Controllers\API\ApiBaseController->format([...])
 2 APPPATH\Controllers\Api\ApiBaseController.php(118): App\Controllers\API\ApiBaseController->respond([...], 401)
 3 APPPATH\Controllers\Api\ApiBaseController.php(156): App\Controllers\API\ApiBaseController->respondError('Invalid email or password.', 401)
 4 APPPATH\Controllers\Api\AuthApiController.php(66): App\Controllers\API\ApiBaseController->respondUnauthorized('Invalid email or password.')
 5 APPPATH\Controllers\Api\AuthApiController.php(38): App\Controllers\Api\AuthApiController->adminSignIn('admin@themesbrand.com', '123456')
 6 APPPATH\Controllers\Auth.php(31): App\Controllers\Api\AuthApiController->signIn('admin@themesbrand.com', '123456', '4')
 7 SYSTEMPATH\CodeIgniter.php(932): App\Controllers\Auth->signIn()
 8 SYSTEMPATH\CodeIgniter.php(497): CodeIgniter\CodeIgniter->runController(Object(App\Controllers\Auth))
 9 SYSTEMPATH\CodeIgniter.php(366): CodeIgniter\CodeIgniter->handleRequest(null, Object(Config\Cache), false)
10 FCPATH\index.php(67): CodeIgniter\CodeIgniter->run()
11 SYSTEMPATH\Commands\Server\rewrite.php(47): require_once('D:\\Work\\admin_ybb_web\\public\\index.php')
INFO - 2025-03-20 12:28:31 --> Session: Class initialized using 'CodeIgniter\Session\Handlers\FileHandler' driver.
CRITICAL - 2025-03-20 12:28:31 --> Cannot call constructor
in APPPATH\Controllers\Api\ApiBaseController.php on line 33.
 1 APPPATH\Controllers\Auth.php(24): App\Controllers\API\ApiBaseController->__construct()
 2 SYSTEMPATH\CodeIgniter.php(932): App\Controllers\Auth->signIn()
 3 SYSTEMPATH\CodeIgniter.php(497): CodeIgniter\CodeIgniter->runController(Object(App\Controllers\Auth))
 4 SYSTEMPATH\CodeIgniter.php(366): CodeIgniter\CodeIgniter->handleRequest(null, Object(Config\Cache), false)
 5 FCPATH\index.php(67): CodeIgniter\CodeIgniter->run()
 6 SYSTEMPATH\Commands\Server\rewrite.php(47): require_once('D:\\Work\\admin_ybb_web\\public\\index.php')
INFO - 2025-03-20 12:35:26 --> Session: Class initialized using 'CodeIgniter\Session\Handlers\FileHandler' driver.
CRITICAL - 2025-03-20 12:35:26 --> Call to a member function setContentType() on null
in SYSTEMPATH\API\ResponseTrait.php on line 331.
 1 SYSTEMPATH\API\ResponseTrait.php(98): App\Controllers\API\ApiBaseController->format([...])
 2 APPPATH\Controllers\Api\ApiBaseController.php(123): App\Controllers\API\ApiBaseController->respond([...], 401)
 3 APPPATH\Controllers\Api\ApiBaseController.php(161): App\Controllers\API\ApiBaseController->respondError('Invalid email or password.', 401)
 4 APPPATH\Controllers\Api\AuthApiController.php(66): App\Controllers\API\ApiBaseController->respondUnauthorized('Invalid email or password.')
 5 APPPATH\Controllers\Api\AuthApiController.php(38): App\Controllers\Api\AuthApiController->adminSignIn('admin@themesbrand.com', '123456')
 6 APPPATH\Controllers\Auth.php(31): App\Controllers\Api\AuthApiController->signIn('admin@themesbrand.com', '123456', '4')
 7 SYSTEMPATH\CodeIgniter.php(932): App\Controllers\Auth->signIn()
 8 SYSTEMPATH\CodeIgniter.php(497): CodeIgniter\CodeIgniter->runController(Object(App\Controllers\Auth))
 9 SYSTEMPATH\CodeIgniter.php(366): CodeIgniter\CodeIgniter->handleRequest(null, Object(Config\Cache), false)
10 FCPATH\index.php(67): CodeIgniter\CodeIgniter->run()
11 SYSTEMPATH\Commands\Server\rewrite.php(47): require_once('D:\\Work\\admin_ybb_web\\public\\index.php')
INFO - 2025-03-20 12:36:33 --> Session: Class initialized using 'CodeIgniter\Session\Handlers\FileHandler' driver.
CRITICAL - 2025-03-20 12:36:34 --> Call to a member function setContentType() on null
in SYSTEMPATH\API\ResponseTrait.php on line 331.
 1 SYSTEMPATH\API\ResponseTrait.php(98): App\Controllers\Api\ApiBaseController->format([...])
 2 APPPATH\Controllers\Api\ApiBaseController.php(123): App\Controllers\Api\ApiBaseController->respond([...], 401)
 3 APPPATH\Controllers\Api\ApiBaseController.php(161): App\Controllers\Api\ApiBaseController->respondError('Invalid email or password.', 401)
 4 APPPATH\Controllers\Api\AuthApiController.php(66): App\Controllers\Api\ApiBaseController->respondUnauthorized('Invalid email or password.')
 5 APPPATH\Controllers\Api\AuthApiController.php(38): App\Controllers\Api\AuthApiController->adminSignIn('admin@themesbrand.com', '123456')
 6 APPPATH\Controllers\Auth.php(31): App\Controllers\Api\AuthApiController->signIn('admin@themesbrand.com', '123456', '4')
 7 SYSTEMPATH\CodeIgniter.php(932): App\Controllers\Auth->signIn()
 8 SYSTEMPATH\CodeIgniter.php(497): CodeIgniter\CodeIgniter->runController(Object(App\Controllers\Auth))
 9 SYSTEMPATH\CodeIgniter.php(366): CodeIgniter\CodeIgniter->handleRequest(null, Object(Config\Cache), false)
10 FCPATH\index.php(67): CodeIgniter\CodeIgniter->run()
11 SYSTEMPATH\Commands\Server\rewrite.php(47): require_once('D:\\Work\\admin_ybb_web\\public\\index.php')
INFO - 2025-03-20 12:41:53 --> Session: Class initialized using 'CodeIgniter\Session\Handlers\FileHandler' driver.
INFO - 2025-03-20 12:41:53 --> Session: Class initialized using 'CodeIgniter\Session\Handlers\FileHandler' driver.
INFO - 2025-03-20 12:41:59 --> Session: Class initialized using 'CodeIgniter\Session\Handlers\FileHandler' driver.
INFO - 2025-03-20 12:42:00 --> Session: Class initialized using 'CodeIgniter\Session\Handlers\FileHandler' driver.
